<?xml version="1.0" encoding="UTF-8"?>
<testsuite xmlns:xsi="http://www.w3.org/2001/XMLSchema-instance" xsi:noNamespaceSchemaLocation="https://maven.apache.org/surefire/maven-surefire-plugin/xsd/surefire-test-report.xsd" name="com.example.helloworld.IntegrationTest" time="7.221" tests="5" errors="0" skipped="0" failures="0">
  <properties>
[...]
</properties>
  <testcase name="testRenderingPersonMustache" classname="com.example.helloworld.IntegrationTest" time="0.589"/>
  <testcase name="testLogFileWritten" classname="com.example.helloworld.IntegrationTest" time="0.013"/>
  <testcase name="testPostPerson" classname="com.example.helloworld.IntegrationTest" time="0.073"/>
  <testcase name="testRenderingPersonFreemarker" classname="com.example.helloworld.IntegrationTest" time="0.294"/>
  <testcase name="testHelloWorld" classname="com.example.helloworld.IntegrationTest" time="0"/>
</testsuite>